Oct 20 23:59:55 Application launched
Oct 20 23:59:55 User decided to view entire database
Oct 21 00:00:04 User decided to continue with application
Oct 21 00:00:07 Application launched
Oct 21 00:00:08 User decided to edit entires in database
Oct 21 00:00:10 User decided to search by name
Oct 21 00:00:58 Entry number 3 edited in database
Oct 21 00:01:08 Entry number 2 edited in database
Oct 21 00:01:16 Entry number 1 edited in database
Oct 21 00:01:19 User prompted to continue editing
Oct 21 00:01:19 User decided to go back to home page
Oct 21 00:01:25 Application launched
Oct 21 00:01:25 User decided to view entire database
Oct 21 00:01:37 User decided to exit application
Oct 21 00:06:15 Application launched
Oct 21 00:06:15 User decided to view entire database
Oct 21 00:06:24 User decided to continue with application
Oct 21 00:06:27 Application launched
Oct 21 00:06:27 User decided to search for entries in database
Oct 21 00:06:28 User decided to search by name
User prompted to continue with search
Oct 21 00:06:52 User decided to continue editing
Oct 21 00:07:00 User decided to search by name
Oct 21 00:07:50 Entry number 4 edited in database
Oct 21 00:08:14 Entry number edited in database
Oct 21 00:08:26 Entry number 1 edited in database
Oct 21 00:08:29 User prompted to continue editing
Oct 21 00:08:29 User decided to go back to home page
Oct 21 00:08:34 Application launched
Oct 21 00:08:34 User decided to view entire database
Oct 21 00:09:20 User decided to exit application
Oct 21 09:13:39 Application launched
Oct 21 09:13:39 User decided to view entire database
Oct 21 09:13:44 User decided to exit application
Oct 21 09:14:21 Application launched
Oct 21 09:14:21 User decided to view entire database
Oct 21 09:14:27 User decided to exit application
Oct 21 09:14:33 Application launched
Oct 21 09:14:33 User decided to search for entries in database
User prompted to continue with search
Oct 21 09:14:48 User decided to go back to home page
Oct 21 09:14:54 Application launched
Oct 21 09:14:54 User decided to exit the application
Oct 21 09:25:44 Application launched
Oct 21 09:25:44 User decided to edit entires in database
Oct 21 09:25:49 User decided to exit application
Oct 21 09:29:03 Application launched
Oct 21 09:29:03 User decided to search for entries in database
User prompted to continue with search
Oct 21 09:29:16 User decided to go back to home page
Oct 21 09:29:21 Application launched
Oct 21 09:29:21 User decided to exit the application
Oct 21 09:36:46 Application launched
Oct 21 09:36:46 User chose to ADD entry to database
Oct 21 09:36:53 Name added to database
Oct 21 09:37:02 Mail added to database
Oct 21 09:37:05 Telephone number added to database
Oct 21 09:37:07 Country code added to database
Oct 21 09:37:12 Mobile number added to database
Oct 21 09:37:19 Place added to database
Oct 21 09:37:21 Message added to database
Oct 21 09:37:21 Entry added to database
Oct 21 09:37:22 User decided to continue with application
Oct 21 09:37:25 Application launched
Oct 21 09:37:25 User chose to ADD entry to database
Oct 21 09:37:35 Name added to database
Oct 21 09:37:44 Mail added to database
Oct 21 09:37:50 Telephone number added to database
Oct 21 09:37:54 Country code added to database
Oct 21 09:37:58 Mobile number added to database
Oct 21 09:38:07 Place added to database
Oct 21 09:38:09 Message added to database
Oct 21 09:38:09 Entry added to database
Oct 21 09:38:11 User decided to continue with application
Oct 21 09:38:18 Application launched
Oct 21 09:38:18 User chose to ADD entry to database
Oct 21 09:38:31 Name added to database
Oct 21 09:38:39 Mail added to database
Oct 21 09:38:43 Telephone number added to database
Oct 21 09:38:46 Country code added to database
Oct 21 09:38:53 Mobile number added to database
Oct 21 09:39:00 Place added to database
Oct 21 09:39:06 Message added to database
Oct 21 09:39:06 Entry added to database
Oct 21 09:39:09 User decided to continue with application
Oct 21 09:39:11 Application launched
Oct 21 09:39:11 User chose to ADD entry to database
Oct 21 09:39:21 Name added to database
Oct 21 09:39:43 Mail added to database
Oct 21 09:39:47 Telephone number added to database
Oct 21 09:39:49 Country code added to database
Oct 21 09:40:02 Mobile number added to database
Oct 21 09:40:12 Place added to database
Oct 21 09:40:14 Message added to database
Oct 21 09:40:14 Entry added to database
Oct 21 09:40:16 User decided to continue with application
Oct 21 09:40:18 Application launched
Oct 21 09:40:18 User chose to ADD entry to database
Oct 21 09:40:24 Name added to database
Oct 21 09:40:33 Mail added to database
Oct 21 09:40:42 Telephone number added to database
Oct 21 09:40:44 Country code added to database
Oct 21 09:40:51 Mobile number added to database
Oct 21 09:40:55 Place added to database
Oct 21 09:40:58 Message added to database
Oct 21 09:40:58 Entry added to database
Oct 21 09:41:00 User decided to exit application
Oct 21 09:41:37 Application launched
Oct 21 09:41:37 User chose to ADD entry to database
Oct 21 09:41:44 Name added to database
Oct 21 09:42:01 Mail added to database
Oct 21 09:42:04 Telephone number added to database
Oct 21 09:42:06 Country code added to database
Oct 21 09:42:13 Mobile number added to database
Oct 21 09:42:18 Place added to database
Oct 21 09:42:23 Message added to database
Oct 21 09:42:25 Entry added to database
Oct 21 09:42:27 User decided to exit application
Oct 21 09:42:33 Application launched
Oct 21 09:42:33 User decided to view entire database
Oct 21 09:42:43 User decided to continue with application
Oct 21 09:42:45 Application launched
Oct 21 09:42:45 User decided to search for entries in database
Oct 21 09:42:46 User decided to search by name
User prompted to continue with search
Oct 21 09:43:34 User decided to go back to home page
Oct 21 09:43:38 Application launched
Oct 21 09:43:38 User decided to edit entires in database
Oct 21 09:43:40 User decided to search by name
Oct 21 09:44:34 Entry number 1 edited in database
Oct 21 09:44:49 Entry number 4 edited in database
Oct 21 09:45:00 Entry number 6 edited in database
Oct 21 09:45:05 User prompted to continue editing
Oct 21 09:45:05 User decided to go back to home page
Oct 21 09:45:09 Application launched
Oct 21 09:45:09 User decided to view entire database
Oct 21 09:45:41 User decided to continue with application
Oct 21 09:45:44 Application launched
Oct 21 09:45:44 User decided to edit entires in database
Oct 21 09:45:45 User decided to search by name
Oct 21 09:46:17 Entry number 5 edited in database
Oct 21 09:46:19 User prompted to continue editing
Oct 21 09:46:19 User decided to go back to home page
Oct 21 09:46:31 Application launched
Oct 21 09:46:31 User decided to view entire database
Oct 21 09:46:47 User decided to exit application
Oct 21 11:09:52 Application launched
Oct 21 11:09:52 User decided to view entire database
Oct 21 11:10:03 User decided to continue with application
Oct 21 11:10:12 Application launched
Oct 21 11:10:12 User decided to edit entires in database
Oct 21 11:10:15 User decided to search by name
Oct 21 11:11:13 Application launched
Oct 21 11:11:13 User decided to view entire database
Oct 21 11:11:24 User decided to continue with application
Oct 21 11:11:29 Application launched
Oct 21 11:11:29 User decided to edit entires in database
Oct 21 11:11:33 User decided to search by name
Oct 21 11:12:19 Entry number edited in database
Oct 21 11:12:44 Entry number 7 edited in database
Oct 21 11:13:02 Entry number edited in database
Oct 21 11:13:04 User prompted to continue editing
Oct 21 11:13:04 User decided to go back to home page
Oct 21 11:13:09 Application launched
Oct 21 11:13:09 User decided to view entire database
Oct 21 11:13:44 User decided to exit application
Oct 21 11:19:03 Application launched
Oct 21 11:19:03 User decided to search for entries in database
User prompted to continue with search
Oct 21 11:19:08 User decided to go back to home page
Oct 21 11:19:11 Application launched
Oct 21 11:19:11 User chose to ADD entry to database
Oct 21 11:19:18 Name added to database
Oct 21 11:19:26 Mail added to database
Oct 21 11:19:38 Telephone number added to database
Oct 21 11:19:40 Country code added to database
Oct 21 11:19:47 Mobile number added to database
Oct 21 11:20:02 Place added to database
Oct 21 11:20:03 Message added to database
Oct 21 11:20:05 Entry added to database
Oct 21 11:20:07 User decided to continue with application
Oct 21 11:20:08 Application launched
Oct 21 11:20:08 User chose to ADD entry to database
Oct 21 11:20:16 Name added to database
Oct 21 11:20:27 Mail added to database
Oct 21 11:20:32 Invalid Telephone number format entered.Prompted to enter again
Oct 21 11:20:37 Telephone number added to database
Oct 21 11:20:40 Country code added to database
Oct 21 11:20:48 Mobile number added to database
Oct 21 11:20:53 Place added to database
Oct 21 11:20:56 Message added to database
Oct 21 11:20:58 Entry added to database
Oct 21 11:20:58 User decided to continue with application
Oct 21 11:21:00 Application launched
Oct 21 11:21:00 User chose to ADD entry to database
Oct 21 11:21:13 Name added to database
Oct 21 11:21:22 Mail added to database
Oct 21 11:21:27 Invalid Telephone number format entered.Prompted to enter again
Oct 21 11:21:31 Telephone number added to database
Oct 21 11:21:34 Country code added to database
Oct 21 11:21:48 Mobile number added to database
Oct 21 11:21:54 Place added to database
Oct 21 11:21:56 Message added to database
Oct 21 11:21:58 Entry added to database
Oct 21 11:22:00 User decided to continue with application
Oct 21 11:22:05 Application launched
Oct 21 11:22:05 User chose to ADD entry to database
Oct 21 11:22:17 Name added to database
Oct 21 11:22:25 Mail added to database
Oct 21 11:22:28 Telephone number added to database
Oct 21 11:22:30 Country code added to database
Oct 21 11:22:35 Mobile number added to database
Oct 21 11:22:40 Place added to database
Oct 21 11:22:53 Message added to database
Oct 21 11:22:55 Entry added to database
Oct 21 11:22:56 User decided to continue with application
Oct 21 11:22:57 Application launched
Oct 21 11:22:57 User decided to view entire database
Oct 21 11:23:09 User decided to continue with application
Oct 21 11:23:10 Application launched
Oct 21 11:23:10 User chose to ADD entry to database
Oct 21 11:23:15 Name added to database
Oct 21 11:23:21 Mail added to database
Oct 21 11:23:26 Telephone number added to database
Oct 21 11:23:28 Country code added to database
Oct 21 11:23:33 Mobile number added to database
Oct 21 11:23:40 Place added to database
Oct 21 11:24:09 Message added to database
Oct 21 11:24:11 Entry added to database
Oct 21 11:24:12 User decided to exit application
Oct 21 11:27:26 Application launched
Oct 21 11:27:26 User decided to view entire database
Oct 21 11:27:35 User decided to continue with application
Oct 21 11:27:37 Application launched
Oct 21 11:27:37 User decided to search for entries in database
Oct 21 11:27:38 User decided to search by name
User prompted to continue with search
Oct 21 11:27:54 User decided to go back to home page
Oct 21 11:28:03 Application launched
Oct 21 11:28:03 User decided to edit entires in database
Oct 21 11:28:06 User decided to search by name
Oct 21 11:35:14 Application launched
Oct 21 11:35:16 User decided to exit application
Oct 21 11:35:28 Application launched
Oct 21 11:35:28 User decided to view entire database
Oct 21 11:35:38 User decided to continue with application
Oct 21 11:35:40 Application launched
Oct 21 11:35:40 User decided to edit entires in database
Oct 21 11:35:49 User decided to search by name
Oct 21 11:47:59 Application launched
Oct 21 11:47:59 User decided to view entire database
Oct 21 11:48:07 User decided to continue with application
Oct 21 11:48:09 Application launched
Oct 21 11:48:09 User decided to edit entires in database
Oct 21 11:48:16 User decided to search by name
Oct 21 11:59:20 Application launched
Oct 21 11:59:20 User chose to ADD entry to database
Oct 21 11:59:28 Name added to database
Oct 21 11:59:38 Mail added to database
Oct 21 12:00:01 Telephone number added to database
Oct 21 12:00:03 Country code added to database
Oct 21 12:00:09 Mobile number added to database
Oct 21 12:00:14 Place added to database
Oct 21 12:00:17 Message added to database
Oct 21 12:00:19 Entry added to database
Oct 21 12:00:29 User decided to continue with application
Oct 21 12:00:30 Application launched
Oct 21 12:00:30 User decided to view entire database
Oct 21 12:00:50 User decided to continue with application
Oct 21 12:00:56 Application launched
Oct 21 12:00:56 User decided to edit entires in database
Oct 21 12:01:01 User decided to search by name
Oct 21 12:01:41 User prompted to continue editing
Oct 21 12:01:41 User decided to go back to home page
Oct 21 12:01:44 Application launched
Oct 21 12:01:44 User decided to exit the application
Oct 21 12:01:56 Application launched
Oct 21 12:01:56 User decided to edit entires in database
Oct 21 12:02:05 User decided to search by name
Oct 21 12:08:56 Application launched
Oct 21 12:08:56 User decided to edit entires in database
Oct 21 12:09:00 User decided to search by name
Oct 21 12:09:47 Entry number edited in database
Oct 21 12:10:28 Entry number edited in database
Oct 21 12:10:32 User prompted to continue editing
Oct 21 12:10:32 User decided to go back to home page
Oct 21 12:10:36 Application launched
Oct 21 12:10:36 User decided to view entire database
Oct 21 12:10:59 User decided to exit application
Oct 21 12:13:48 Application launched
Oct 21 12:13:48 User decided to view entire database
Oct 21 12:14:02 User decided to continue with application
Oct 21 12:14:04 Application launched
Oct 21 12:14:04 User decided to view entire database
Oct 21 12:14:08 User decided to continue with application
Oct 21 12:14:10 Application launched
Oct 21 12:14:10 User decided to edit entires in database
Oct 21 12:14:15 User decided to search by name
Oct 21 12:15:06 Entry number edited in database
Oct 21 12:15:38 Entry number edited in database
Oct 21 12:16:07 Entry number edited in database
Oct 21 12:16:09 User prompted to continue editing
Oct 21 12:16:09 User decided to go back to home page
Oct 21 12:16:12 Application launched
Oct 21 12:16:12 User decided to view entire database
Oct 21 12:16:32 User decided to exit application
Oct 21 12:23:43 Application launched
Oct 21 12:23:44 User decided to view entire database
Oct 21 12:23:57 User decided to continue with application
Oct 21 12:24:02 Application launched
Oct 21 12:24:02 User decided to edit entires in database
Oct 21 12:24:07 User decided to search by name
Oct 21 12:25:54 Entry number edited in database
Oct 21 12:26:40 Entry number edited in database
Oct 21 12:26:59 Entry number edited in database
Oct 21 12:27:12 User prompted to continue editing
Oct 21 12:27:12 User decided to go back to home page
Oct 21 12:27:15 Application launched
Oct 21 12:27:15 User decided to view entire database
Oct 21 12:28:05 User decided to exit application
Oct 21 12:34:20 Application launched
Oct 21 12:34:20 User decided to view entire database
Oct 21 12:34:29 User decided to exit application
Oct 21 12:34:48 Application launched
Oct 21 12:34:48 User decided to edit entires in database
Oct 21 12:34:58 User decided to search by name
Oct 21 12:50:00 Application launched
Oct 21 12:50:00 User decided to view entire database
Oct 21 12:50:45 User decided to continue with application
Oct 21 12:50:48 Application launched
Oct 21 12:50:48 User decided to edit entires in database
Oct 21 12:50:51 User decided to search by name
Oct 21 12:52:11 Entry number 2 edited in database
Oct 21 12:52:49 Entry number 3 edited in database
Oct 21 12:53:22 Entry number 6 edited in database
Oct 21 12:53:28 User prompted to continue editing
Oct 21 12:53:28 User decided to go back to home page
Oct 21 12:53:32 Application launched
Oct 21 12:53:32 User decided to exit the application
Oct 21 12:53:43 Application launched
Oct 21 12:53:43 User decided to view entire database
Oct 21 12:54:26 User decided to exit application
Oct 21 13:07:06 Application launched
Oct 21 13:07:06 User decided to edit entires in database
Oct 21 13:07:10 User decided to search by name
Oct 21 13:08:52 Entry number 2 edited in database
Oct 21 14:22:32 Application launched
Oct 21 14:22:33 User decided to edit entires in database
Oct 21 14:22:35 User decided to search by name
Oct 21 14:29:22 Application launched
Oct 21 14:29:22 User decided to edit entires in database
Oct 21 14:29:28 User prompted to continue editing
Oct 21 14:29:28 User decided to continue editing
Oct 21 14:29:33 User prompted to continue editing
Oct 21 14:29:33 User decided to continue editing
Oct 21 14:29:36 User decided to search by name
Oct 21 14:30:33 Entry number 1 edited in database
Oct 21 14:30:35 User prompted to continue editing
Oct 21 14:30:35 User decided to go back to home page
Oct 21 14:30:39 Application launched
Oct 21 14:30:39 User decided to view entire database
Oct 21 14:31:02 User decided to exit application
Oct 21 14:39:39 Application launched
Oct 21 14:39:39 User chose to ADD entry to database
Oct 21 14:43:17 Application launched
Oct 21 14:43:17 User decided to edit entires in database
Oct 21 14:43:20 User decided to search by name
Oct 21 14:51:16 Application launched
Oct 21 14:51:17 User decided to exit application
Oct 21 14:51:27 Application launched
Oct 21 14:51:27 User decided to edit entires in database
Oct 21 14:51:35 User decided to search by name
Oct 21 14:53:21 Entry number 2 edited in database
Oct 21 14:53:22 User prompted to continue editing
Oct 21 14:53:22 User decided to go back to home page
Oct 21 14:53:25 Application launched
Oct 21 14:53:25 User decided to view entire database
Oct 21 14:53:41 User decided to exit application
Oct 21 14:54:09 Application launched
Oct 21 14:54:09 User decided to edit entires in database
Oct 21 14:54:14 User decided to search by name
Oct 21 14:54:57 User prompted to continue editing
Oct 21 14:54:57 User decided to continue editing
Oct 21 14:55:01 User decided to search by name
Oct 21 14:55:34 Entry number 2 edited in database
Oct 21 14:56:14 Entry number 3 edited in database
Oct 21 14:56:15 User prompted to continue editing
Oct 21 14:56:15 User decided to go back to home page
Oct 21 14:56:19 Application launched
Oct 21 14:56:19 User decided to view entire database
Oct 21 14:56:27 User decided to exit application
Oct 21 15:08:16 Application launched
Oct 21 15:08:16 User decided to view entire database
Oct 21 15:08:25 User decided to continue with application
Oct 21 15:08:35 Application launched
Oct 21 15:08:37 Session  timed-out
Oct 21 15:08:40 User decided to re-execute application
Oct 21 15:08:45 Application launched
Oct 21 15:08:45 User decided to edit entires in database
Oct 21 15:08:52 User decided to search by email-id
Oct 21 15:09:06 User prompted to continue editing
Oct 21 15:09:06 User decided to continue editing
Oct 21 15:15:44 Application launched
Oct 21 15:15:44 User chose to ADD entry to database
Oct 21 15:15:58 Name added to database
Oct 21 15:15:59 Invalid mail format entered.Prompted to enter again
Oct 21 15:16:10 Mail added to database
Oct 21 15:16:13 Telephone number added to database
Oct 21 15:16:19 Country code added to database
Oct 21 15:16:34 Mobile number added to database
Oct 21 15:16:40 Place added to database
Oct 21 15:16:45 Message added to database
Oct 21 15:16:47 Entry added to database
Oct 21 15:16:49 User decided to exit application
Oct 21 15:26:03 Application launched
Oct 21 15:26:03 User decided to edit entires in database
Oct 21 15:26:07 User decided to search by name
Oct 21 15:30:55 Application launched
Oct 21 15:30:55 User decided to view entire database
Oct 21 15:31:04 User decided to continue with application
Oct 21 15:31:06 Application launched
Oct 21 15:31:06 User decided to search for entries in database
Oct 21 15:31:12 User decided to search by name
User prompted to continue with search
Oct 21 15:31:37 User decided to go back to home page
Oct 21 15:31:40 Application launched
Oct 21 15:31:40 User decided to exit the application
Oct 21 15:39:02 Application launched
Oct 21 15:39:02 User decided to search for entries in database
Oct 21 15:39:11 User decided to search by name
User prompted to continue with search
Oct 21 15:39:18 User decided to continue editing
Oct 21 15:39:22 User decided to search by email-id
Oct 21 15:39:52 User prompted to continue editing
Oct 21 15:39:52 User decided to go back to home page
Oct 21 15:39:58 Application launched
Oct 21 15:39:58 User decided to search for entries in database
Oct 21 15:40:04 User decided to search by email-id
User prompted to continue with search
Oct 21 15:40:19 User decided to continue editing
Oct 21 15:41:51 Application launched
Oct 21 15:41:51 User decided to search for entries in database
Oct 21 15:41:58 User decided to search by name
User prompted to continue with search
Oct 21 15:42:04 User decided to go back to home page
Oct 21 15:42:10 Application launched
Oct 21 15:42:10 User decided to exit the application
Oct 21 15:54:10 Application launched
Oct 21 15:54:10 User decided to edit entires in database
Oct 21 15:54:17 User decided to search by name
Oct 21 15:54:25 User prompted to continue editing
Oct 21 15:54:25 User decided to continue editing
Oct 21 15:54:29 User decided to search by name
Oct 21 15:55:12 Entry number 1 edited in database
Oct 21 15:55:40 User prompted to continue editing
Oct 21 15:55:40 User decided to go back to home page
Oct 21 15:55:44 Application launched
Oct 21 15:55:44 User decided to exit the application
Oct 21 15:59:05 Application launched
Oct 21 15:59:05 User decided to edit entires in database
Oct 21 15:59:10 User decided to search by name
Oct 21 15:59:16 User prompted to continue editing
Oct 21 15:59:16 User decided to continue editing
Oct 21 15:59:23 User decided to search by name
Oct 21 16:00:00 Entry number 1 edited in database
Oct 21 16:00:31 User prompted to continue editing
Oct 21 16:00:31 User decided to go back to home page
Oct 21 16:00:35 Application launched
Oct 21 16:00:35 User decided to exit the application
Oct 21 16:31:51 Application launched
Oct 21 16:31:51 User decided to exit the application
Oct 21 16:32:01 Application launched
Oct 21 16:32:01 User chose to ADD entry to database
Oct 21 16:32:10 Name added to database
Oct 21 16:32:12 Invalid mail format entered.Prompted to enter again
Oct 21 16:32:20 Mail added to database
Oct 21 16:32:25 Invalid Telephone number format entered.Prompted to enter again
Oct 21 16:32:30 Telephone number added to database
Oct 21 16:32:33 Country code added to database
Oct 21 16:32:47 Mobile number added to database
Oct 21 16:33:02 Place added to database
Oct 21 16:33:06 Message added to database
Oct 21 16:33:08 Entry added to database
Oct 21 16:33:11 User decided to exit application
Oct 21 16:38:43 Application launched
Oct 21 16:38:43 User chose to ADD entry to database
Oct 21 16:38:49 Name added to database
Oct 21 16:38:52 Invalid mail format entered.Prompted to enter again
Oct 21 16:39:03 Mail added to database
Oct 21 16:39:12 Telephone number added to database
Oct 21 16:39:15 Country code added to database
Oct 21 16:39:26 Mobile number added to database
Oct 21 16:39:31 Place added to database
Oct 21 16:39:34 Message added to database
Oct 21 16:39:36 Entry added to database
Oct 21 16:39:38 User decided to continue with application
Oct 21 16:39:49 Application launched
Oct 21 16:39:51 Session  timed-out
Oct 21 16:39:55 User decided to exit the application
Oct 21 16:48:59 Application launched
Oct 21 16:48:59 User chose to ADD entry to database
Oct 21 16:49:05 Name added to database
Oct 21 16:49:17 Mail added to database
Oct 21 16:49:22 Invalid Telephone number format entered.Prompted to enter again
Oct 21 16:49:26 Telephone number added to database
Oct 21 16:49:37 Country code added to database
Oct 21 16:49:55 Mobile number added to database
Oct 21 16:50:01 Place added to database
Oct 21 16:50:03 Message added to database
Oct 21 16:50:05 Entry added to database
Oct 21 16:50:14 User decided to exit application
Oct 21 17:16:26 Application launched
Oct 21 17:16:26 User chose to ADD entry to database
Oct 21 17:16:31 Name added to database
Oct 21 17:16:44 Mail added to database
Oct 21 17:16:49 Invalid Telephone number format entered.Prompted to enter again
Oct 21 17:16:53 Telephone number added to database
Oct 21 17:16:58 Country code added to database
Oct 21 17:17:04 Mobile number added to database
Oct 21 17:17:10 Place added to database
Oct 21 17:17:13 Message added to database
Oct 21 17:17:15 Entry added to database
Oct 21 17:17:18 User decided to exit application
Oct 21 17:17:25 Application launched
Oct 21 17:17:27 Session  timed-out
Oct 21 17:17:28 User decided to exit the application
Oct 21 17:17:41 Application launched
Oct 21 17:17:41 User decided to search for entries in database
Oct 21 17:17:47 User decided to search by name
User prompted to continue with search
Oct 21 17:18:00 User decided to continue searching
Oct 21 17:18:05 User decided to search by email-id
User prompted to continue with search
Oct 21 17:19:01 User decided to go back to home page
Oct 21 17:19:07 Application launched
Oct 21 17:19:07 User decided to view entire database
Oct 21 17:19:22 User decided to exit application
Oct 21 17:22:46 Application launched
Oct 21 17:22:48 Session  timed-out
Oct 21 17:22:51 User decided to re-execute application
Oct 21 17:22:58 Application launched
Oct 21 17:22:58 User decided to edit entires in database
Oct 21 17:23:03 User decided to search by name
Oct 21 17:24:14 Entry number 3 edited in database
Oct 21 17:24:16 User prompted to continue editing
Oct 21 17:24:16 User decided to go back to home page
Oct 21 17:24:22 Application launched
Oct 21 17:24:22 User decided to view entire database
Oct 21 17:25:15 User decided to exit application
Oct 21 17:25:24 User decided to exit application
Oct 21 17:31:32 Application launched
Oct 21 17:31:32 User decided to exit the application
Oct 21 19:39:58 Application launched
Oct 21 19:39:58 User decided to view entire database
Oct 21 19:40:09 User decided to exit application
Oct 21 19:41:33 Application launched
Oct 21 19:41:33 User decided to exit the application
Oct 21 19:41:38 Application launched
Oct 21 19:41:38 User chose to ADD entry to database
Oct 21 19:41:45 Name added to database
Oct 21 19:41:51 Invalid mail format entered.Prompted to enter again
Oct 21 19:41:58 Mail added to database
Oct 21 19:42:01 Invalid Telephone number format entered.Prompted to enter again
Oct 21 19:42:03 Telephone number added to database
Oct 21 19:42:08 Country code added to database
Oct 21 19:42:15 Mobile number added to database
Oct 21 19:42:19 Invalid Place format entered.Prompted to enter again
Oct 21 19:42:37 Place added to database
Oct 21 19:42:40 Message added to database
Oct 21 19:42:42 Entry added to database
Oct 21 19:42:47 User decided to exit application
Oct 21 19:47:29 Application launched
Oct 21 19:47:29 User chose to ADD entry to database
Oct 21 19:47:35 Name added to database
Oct 21 19:47:47 Mail added to database
Oct 21 19:47:52 Telephone number added to database
Oct 21 19:47:54 Invalid Country code format entered.Propmted to enter again
Oct 21 19:47:56 Country code added to database
Oct 21 19:48:04 Mobile number added to database
Oct 21 19:48:19 Place added to database
Oct 21 19:48:34 Message added to database
Oct 21 19:48:36 Entry added to database
Oct 21 19:48:38 User decided to exit application
Oct 21 19:49:26 Application launched
Oct 21 19:49:26 User chose to ADD entry to database
Oct 21 19:49:33 Name added to database
Oct 21 19:49:44 Mail added to database
Oct 21 19:49:47 Invalid Telephone number format entered.Prompted to enter again
Oct 21 19:49:50 Telephone number added to database
Oct 21 19:49:52 Country code added to database
Oct 21 19:49:56 Mobile number added to database
Oct 21 19:50:02 Place added to database
Oct 21 19:50:07 Message added to database
Oct 21 19:50:09 Entry added to database
Oct 21 19:50:11 User decided to re-execute application
Oct 21 19:50:13 Application launched
Oct 21 19:50:13 User chose to ADD entry to database
Oct 21 19:50:50 Name added to database
Oct 21 19:54:44 Application launched
Oct 21 19:54:44 User chose to ADD entry to database
Oct 21 19:55:54 Application launched
Oct 21 19:55:54 User chose to ADD entry to database
Oct 21 19:56:06 Name added to database
Oct 21 19:57:11 Application launched
Oct 21 19:57:11 User chose to ADD entry to database
Oct 21 19:57:25 Name added to database
Oct 21 19:59:00 Application launched
Oct 21 19:59:00 User chose to ADD entry to database
Oct 21 19:59:10 Name added to database
Oct 21 19:59:17 Mail added to database
Oct 21 19:59:20 Telephone number added to database
Oct 21 19:59:22 Country code added to database
Oct 21 19:59:27 Mobile number added to database
Oct 21 19:59:31 Invalid Place format entered.Prompted to enter again
Oct 21 19:59:35 Place added to database
Oct 21 19:59:37 Message added to database
Oct 21 19:59:39 Entry added to database
Oct 21 19:59:45 User decided to exit application
Oct 21 21:42:07 Application launched
Oct 21 21:42:07 User decided to view entire database
Oct 21 21:42:27 User decided to re-execute application
Oct 21 21:42:33 Application launched
Oct 21 21:42:33 User decided to edit entires in database
Oct 21 21:42:37 User decided to search by name
Oct 21 21:44:22 Entry number 1 edited in database
Oct 21 21:44:28 User prompted to continue editing
Oct 21 21:44:28 User decided to go back to home page
Oct 21 21:44:35 Application launched
Oct 21 21:44:35 User decided to edit entires in database
Oct 21 21:44:39 User decided to search by email-id
Oct 21 21:45:38 Entry number 1 edited in database
Oct 21 21:45:44 User prompted to continue editing
Oct 21 21:45:44 User decided to go back to home page
Oct 21 21:45:49 Application launched
Oct 21 21:45:49 User decided to exit the application
Oct 21 21:47:56 Application launched
Oct 21 21:47:56 User decided to view entire database
Oct 21 21:48:02 User decided to re-execute application
Oct 21 21:48:10 Application launched
Oct 21 21:48:10 User decided to edit entires in database
Oct 21 21:48:14 User decided to search by name
Oct 21 21:48:47 Entry number 1 edited in database
Oct 21 21:48:49 User prompted to continue editing
Oct 21 21:48:49 User decided to go back to home page
Oct 21 21:48:54 Application launched
Oct 21 21:48:58 User decided to exit application
Oct 21 21:51:00 Application launched
Oct 21 21:51:00 User decided to view entire database
Oct 21 21:51:22 User decided to re-execute application
Oct 21 21:51:25 Application launched
Oct 21 21:51:25 User decided to edit entires in database
Oct 21 21:51:31 User decided to search by email-id
Oct 21 21:52:16 Entry number 1 edited in database
Oct 21 21:52:20 User prompted to continue editing
Oct 21 21:52:20 User decided to go back to home page
Oct 21 21:52:26 Application launched
Oct 21 21:52:26 User decided to edit entires in database
Oct 21 21:52:33 User decided to search by telephone number
Oct 21 21:53:07 Entry number 1 edited in database
Oct 21 21:53:08 User prompted to continue editing
Oct 21 21:53:08 User decided to go back to home page
Oct 21 21:53:12 Application launched
Oct 21 21:53:12 User decided to exit the application
Oct 21 22:07:10 Application launched
Oct 21 22:07:10 User decided to view entire database
Oct 21 22:07:20 User decided to re-execute application
Oct 21 22:07:31 Application launched
Oct 21 22:07:33 Session  timed-out
Oct 21 22:07:35 User decided to re-execute application
Oct 21 22:07:46 Application launched
Oct 21 22:07:48 Session  timed-out
Oct 21 22:07:48 User decided to exit the application
Oct 21 22:07:53 User decided to re-execute application
Oct 21 22:07:58 Application launched
Oct 21 22:07:58 User decided to view entire database
Oct 21 22:08:03 User decided to re-execute application
Oct 21 22:08:14 Application launched
Oct 21 22:08:16 Session  timed-out
Oct 21 22:08:16 User decided to exit the application
Oct 21 22:13:02 Application launched
Oct 21 22:13:02 User decided to edit entires in database
Oct 21 22:13:07 User decided to search by name
Oct 21 22:14:02 Entry number 1 edited in database
Oct 21 22:14:05 User prompted to continue editing
Oct 21 22:14:05 User decided to go back to home page
Oct 21 22:14:10 Application launched
Oct 21 22:14:10 User decided to exit the application
Oct 21 22:16:23 Application launched
Oct 21 22:16:23 User decided to edit entires in database
Oct 21 22:16:32 User decided to search by name
Oct 21 22:16:53 Entry number 1 edited in database
Oct 21 22:16:53 User prompted to continue editing
Oct 21 22:16:53 User decided to go back to home page
Oct 21 22:17:05 Application launched
Oct 21 22:17:07 Session  timed-out
Oct 21 22:17:10 User decided to exit the application
Oct 21 22:17:26 Application launched
Oct 21 22:17:26 User decided to search for entries in database
Oct 21 22:17:29 User decided to search by name
User prompted to continue with search
Oct 21 22:17:42 User decided to continue searching
Oct 21 22:17:46 User decided to search by name
User prompted to continue with search
Oct 21 22:17:57 User decided to go back to home page
Oct 21 22:17:59 Application launched
Oct 21 22:18:01 Session  timed-out
Oct 21 22:18:06 User decided to exit the application
Oct 21 22:18:25 Application launched
Oct 21 22:18:25 User decided to search for entries in database
Oct 21 22:18:30 User decided to search by message
User prompted to continue with search
Oct 21 22:18:36 User decided to go back to home page
Oct 21 22:18:44 Application launched
Oct 21 22:18:44 User decided to exit the application
Oct 21 22:19:50 Application launched
Oct 21 22:19:50 User decided to edit entires in database
Oct 21 22:19:57 User decided to search by name
Oct 21 22:21:32 Entry number 1 edited in database
Oct 21 22:21:37 User prompted to continue editing
Oct 21 22:21:37 User decided to go back to home page
Oct 21 22:21:45 Application launched
Oct 21 22:21:45 User decided to view entire database
Oct 21 22:22:05 User decided to re-execute application
Oct 21 22:22:09 Application launched
Oct 21 22:22:09 User decided to edit entires in database
Oct 21 22:22:15 User decided to search by name
Oct 21 22:22:36 Entry number 1 edited in database
Oct 21 22:22:41 User prompted to continue editing
Oct 21 22:22:41 User decided to go back to home page
Oct 21 22:22:45 Application launched
Oct 21 22:22:45 User decided to view entire database
Oct 21 22:22:55 User decided to exit application
Oct 21 22:23:26 Application launched
Oct 21 22:23:28 Session  timed-out
Oct 21 22:23:30 User decided to re-execute application
Oct 21 22:23:37 Application launched
Oct 21 22:23:37 User chose to ADD entry to database
Oct 21 22:23:50 Name added to database
Oct 21 22:24:00 Mail added to database
Oct 21 22:24:04 Telephone number added to database
Oct 21 22:24:07 Country code added to database
Oct 21 22:24:15 Mobile number added to database
Oct 21 22:24:20 Place added to database
Oct 21 22:24:23 Message added to database
Oct 21 22:24:25 Entry added to database
Oct 21 22:24:27 User decided to re-execute application
Oct 21 22:24:32 Application launched
Oct 21 22:24:32 User decided to view entire database
Oct 21 22:24:41 User decided to re-execute application
Oct 21 22:24:46 Application launched
Oct 21 22:24:46 User decided to edit entires in database
Oct 21 22:24:52 User decided to search by name
Oct 21 22:25:31 Entry number 2 edited in database
Oct 21 22:25:34 User prompted to continue editing
Oct 21 22:25:34 User decided to go back to home page
Oct 21 22:25:39 Application launched
Oct 21 22:25:39 User decided to view entire database
Oct 21 22:25:58 User decided to exit application
Oct 21 22:26:02 User decided to exit application
Oct 21 22:33:57 Application launched
Oct 21 22:33:57 User chose to ADD entry to database
Oct 21 22:34:04 Name added to database
Oct 21 22:34:14 Mail added to database
Oct 21 22:34:24 Telephone number added to database
Oct 21 22:34:26 Country code added to database
Oct 21 22:34:37 Mobile number added to database
Oct 21 22:34:43 Place added to database
Oct 21 22:35:01 Message added to database
Oct 21 22:35:03 Entry added to database
Oct 21 22:35:05 User decided to re-execute application
Oct 21 22:35:09 Application launched
Oct 21 22:35:09 User decided to EDIT entires in database
Oct 21 22:35:13 User decided to search by name
Oct 21 22:36:11 Entry number 1 edited in database
Oct 21 22:36:56 Entry number 3 edited in database
Oct 21 22:37:00 User prompted to continue editing
Oct 21 22:37:00 User decided to go back to home page
Oct 21 22:37:03 Application launched
Oct 21 22:37:03 User decided to VIEW entire database
Oct 21 22:37:50 User decided to re-execute application
Oct 21 22:37:53 Application launched
Oct 21 22:37:53 User decided to EDIT entires in database
Oct 21 22:37:57 User decided to search by name
Oct 21 22:38:40 Entry number 1 edited in database
Oct 21 22:38:49 User prompted to continue editing
Oct 21 22:38:49 User decided to go back to home page
Oct 21 22:38:55 Application launched
Oct 21 22:38:55 User decided to EXIT the application
Oct 21 22:39:36 Application launched
Oct 21 22:39:37 User chose to ADD entry to database
Oct 21 22:39:43 Name added to database
Oct 21 22:40:01 Mail added to database
Oct 21 22:40:05 Telephone number added to database
Oct 21 22:40:08 Country code added to database
Oct 21 22:40:15 Mobile number added to database
Oct 21 22:40:19 Place added to database
Oct 21 22:40:22 Message added to database
Oct 21 22:40:24 Entry added to database
Oct 21 22:40:26 User decided to re-execute application
Oct 21 22:40:35 Application launched
Oct 21 22:40:35 User chose to ADD entry to database
Oct 21 22:41:23 Name added to database
Oct 21 22:41:57 Mail added to database
Oct 21 22:42:04 Invalid Telephone number format entered.Prompted to enter again
Oct 21 22:42:10 Telephone number added to database
Oct 21 22:42:13 Country code added to database
Oct 21 22:42:20 Mobile number added to database
Oct 21 22:42:31 Place added to database
Oct 21 22:42:38 Message added to database
Oct 21 22:42:40 Entry added to database
Oct 21 22:42:42 User decided to re-execute application
Oct 21 22:42:54 Application launched
Oct 21 22:42:56 Session  timed-out
Oct 21 22:42:58 User decided to re-execute application
Oct 21 22:43:05 Application launched
Oct 21 22:43:05 User chose to ADD entry to database
Oct 21 22:43:10 Name added to database
Oct 21 22:43:19 Mail added to database
Oct 21 22:43:23 Telephone number added to database
Oct 21 22:43:26 Country code added to database
Oct 21 22:43:33 Mobile number added to database
Oct 21 22:43:39 Place added to database
Oct 21 22:43:43 Message added to database
Oct 21 22:43:45 Entry added to database
Oct 21 22:43:52 User decided to re-execute application
Oct 21 22:43:58 Application launched
Oct 21 22:43:58 User decided to EDIT entires in database
Oct 21 22:44:05 User decided to search by name
Oct 21 22:45:43 Entry number 1 edited in database
Oct 21 22:46:23 Entry number 3 edited in database
Oct 21 22:46:26 User prompted to continue editing
Oct 21 22:46:26 User decided to go back to home page
Oct 21 22:46:38 Application launched
Oct 21 22:46:40 Session  timed-out
Oct 21 22:46:43 User decided to re-execute application
Oct 21 22:46:48 Application launched
Oct 21 22:46:48 User decided to VIEW entire database
Oct 21 22:47:49 User decided to exit application
Oct 21 22:47:55 User decided to exit application
Oct 21 22:48:00 User decided to exit application
Oct 21 22:52:40 Application launched
Oct 21 22:52:42 Session  timed-out
Oct 21 22:52:47 User decided to re-execute application
Oct 21 22:52:52 Application launched
Oct 21 22:52:52 User decided to EDIT entires in database
Oct 21 22:52:57 User decided to search by name
Oct 21 22:54:02 Entry number 3 edited in database
Oct 21 22:54:04 User prompted to continue editing
Oct 21 22:54:05 User decided to go back to home page
Oct 21 22:54:11 Application launched
Oct 21 22:54:11 User decided to VIEW entire database
Oct 21 22:54:41 User decided to exit application
Oct 21 22:54:46 User decided to exit application
Oct 22 10:30:20 Application launched
Oct 22 10:30:20 User chose to ADD entry to database
Oct 22 10:30:31 Name added to database
Oct 22 10:30:39 Mail added to database
Oct 22 10:30:48 Invalid Telephone number format entered.Prompted to enter again
Oct 22 10:30:51 Telephone number added to database
Oct 22 10:30:53 Country code added to database
Oct 22 10:30:59 Mobile number added to database
Oct 22 10:31:03 Place added to database
Oct 22 10:31:04 Message added to database
Oct 22 10:31:07 Entry added to database
User prompted to continue with add
Oct 22 10:31:10 User decided to go back to home page
Oct 22 10:31:15 Application launched
Oct 22 10:31:15 User decided to VIEW entire database
Oct 22 10:31:30 User decided to re-execute application
Oct 22 10:31:42 Application launched
Oct 22 10:31:44 Session  timed-out
Oct 22 10:31:46 User decided to re-execute application
Oct 22 10:31:50 Application launched
Oct 22 10:31:50 User decided to EDIT entires in database
Oct 22 10:31:53 User decided to search by name
Oct 22 10:32:57 Entry number 1 edited in database
Oct 22 10:32:59 User prompted to continue editing
Oct 22 10:32:59 User decided to go back to home page
Oct 22 10:33:03 Application launched
Oct 22 10:33:03 User decided to VIEW entire database
Oct 22 10:33:13 User decided to exit application
Oct 22 10:33:18 User decided to exit application
Oct 22 10:33:30 Application launched
Oct 22 10:33:30 User decided to VIEW entire database
Oct 22 10:33:32 User decided to exit application
Oct 22 10:33:49 Application launched
Oct 22 10:33:49 User chose to ADD entry to database
Oct 22 10:33:53 Name added to database
Oct 22 10:34:00 Mail added to database
Oct 22 10:34:05 Telephone number added to database
Oct 22 10:34:08 Country code added to database
Oct 22 10:34:18 Mobile number added to database
Oct 22 10:34:24 Place added to database
Oct 22 10:34:26 Message added to database
Oct 22 10:34:28 Entry added to database
User prompted to continue with add
Oct 22 10:34:29 User decided to go back to home page
Oct 22 10:34:34 Application launched
Oct 22 10:34:34 User decided to EDIT entires in database
Oct 22 10:34:45 User decided to search by name
Oct 22 10:35:18 User prompted to continue editing
Oct 22 10:35:18 User decided to go back to home page
Oct 22 10:35:22 Application launched
Oct 22 10:35:22 User decided to VIEW entire database
Oct 22 10:35:36 User decided to re-execute application
Oct 22 10:35:42 Application launched
Oct 22 10:35:42 User chose to ADD entry to database
Oct 22 10:35:48 Name added to database
Oct 22 10:36:31 Mail added to database
Oct 22 10:36:37 Telephone number added to database
Oct 22 10:36:39 Country code added to database
Oct 22 10:36:46 Mobile number added to database
Oct 22 10:37:02 Place added to database
Oct 22 10:37:03 Message added to database
Oct 22 10:37:06 Entry added to database
User prompted to continue with add
Oct 22 10:37:09 User decided to go back to home page
Oct 22 10:37:11 Application launched
Oct 22 10:37:11 User decided to EDIT entires in database
Oct 22 10:37:15 User decided to search by name
Oct 22 10:38:19 Entry number 3 edited in database
Oct 22 10:38:55 Entry number 2 edited in database
Oct 22 10:38:57 User prompted to continue editing
Oct 22 10:38:57 User decided to go back to home page
Oct 22 10:39:03 Application launched
Oct 22 10:39:03 User decided to VIEW entire database
Oct 22 10:39:35 User decided to exit application
Oct 22 10:44:30 Application launched
Oct 22 10:44:32 Session  timed-out
Oct 22 10:44:34 User decided to re-execute application
Oct 22 10:44:37 Application launched
Oct 22 10:44:37 User decided to VIEW entire database
Oct 22 10:44:44 User decided to re-execute application
Oct 22 10:44:48 Application launched
Oct 22 10:44:48 User chose to ADD entry to database
Oct 22 10:47:45 Application launched
Oct 22 10:47:45 User decided to VIEW entire database
Oct 22 10:47:56 User decided to re-execute application
Oct 22 10:48:06 Application launched
Oct 22 10:48:06 User chose to ADD entry to database
Oct 22 10:49:21 Application launched
Oct 22 10:49:21 User chose to ADD entry to database
Oct 22 10:49:33 Name added to database
Oct 22 10:49:39 Mail added to database
Oct 22 10:49:44 Telephone number added to database
Oct 22 10:49:47 Country code added to database
Oct 22 10:49:53 Mobile number added to database
Oct 22 10:50:08 Place added to database
Oct 22 10:50:11 Message added to database
Oct 22 10:50:13 Entry added to database (number denoted : 4)
User prompted to continue with add
Oct 22 10:50:18 User decided to go back to home page
Oct 22 10:50:30 Application launched
Oct 22 10:50:32 Session  timed-out
Oct 22 10:50:36 User decided to exit the application
Oct 22 10:52:58 Application launched
Oct 22 10:52:58 User chose to ADD entry to database
Oct 22 10:56:09 Application launched
Oct 22 10:56:09 User chose to ADD entry to database
Oct 22 10:56:14 Name added to database
Oct 22 10:56:20 Mail added to database
Oct 22 10:56:23 Telephone number added to database
Oct 22 10:56:27 Country code added to database
Oct 22 10:56:29 Invalid Mobile number format entered.Prompted to enter again
Oct 22 10:56:39 Mobile number added to database
Oct 22 10:57:17 Place added to database
Oct 22 10:57:38 Message added to database
Oct 22 10:57:40 Entry added to database ( number denoted : 5 )
Oct 22 10:57:46 User prompted to continue with add
Oct 22 10:57:46 User decided to go back to home page
Oct 22 10:57:51 Application launched
Oct 22 10:57:51 User decided to EXIT the application
Oct 22 10:58:53 Application launched
Oct 22 10:58:53 User chose to ADD entry to database
Oct 22 10:59:02 Name added to database
Oct 22 11:00:56 Application launched
Oct 22 11:00:59 User decided to exit application
Oct 22 11:03:38 Application launched
Oct 22 11:03:38 User chose to ADD entry to database
Oct 22 11:03:43 Name added to database
Oct 22 11:03:53 Invalid mail format entered.Prompted to enter again
Oct 22 11:04:00 Mail added to database
Oct 22 11:04:07 Telephone number added to database
Oct 22 11:04:10 Country code added to database
Oct 22 11:04:17 Mobile number added to database
Oct 22 11:04:25 Invalid Place format entered.Prompted to enter again
Oct 22 11:04:33 Place added to database
Oct 22 11:04:44 Message added to database
Oct 22 11:04:46 Entry added to database ( number denoted : 7 )
Oct 22 11:04:56 User prompted to continue with add
Oct 22 11:04:56 User decided to go back to home page
Oct 22 11:04:59 Application launched
Oct 22 11:04:59 User decided to EXIT the application
Oct 22 11:05:47 Application launched
Oct 22 11:05:47 User chose to ADD entry to database
Oct 22 11:05:54 Name added to database
Oct 22 11:06:05 Mail added to database
Oct 22 11:06:13 Telephone number added to database
Oct 22 11:06:17 Country code added to database
Oct 22 11:06:23 Mobile number added to database
Oct 22 11:06:35 Place added to database
Oct 22 11:06:41 Message added to database
Oct 22 11:06:43 Entry added to database ( number denoted : 8 )
Oct 22 11:06:45 User prompted to continue with add
Oct 22 11:06:45 User decided to go back to home page
Oct 22 11:06:57 Application launched
Oct 22 11:06:59 Session  timed-out
Oct 22 11:07:01 User decided to exit the application
Oct 22 11:07:56 Application launched
Oct 22 11:07:58 Session  timed-out
Oct 22 11:08:02 User decided to exit the application
Oct 22 11:10:52 Application launched
Oct 22 11:10:54 Session  timed-out
Oct 22 11:10:56 User decided to exit the application
Oct 22 11:27:19 Application launched
Oct 22 11:27:19 User decided to DELETE entries from database
Oct 22 11:27:23 User decided to search by name
Oct 22 11:28:13 User prompted to continue deleting
Oct 22 11:28:13 User decided to go back to home page
Oct 22 11:28:18 Application launched
Oct 22 11:28:18 User decided to EXIT the application
Oct 22 11:30:22 Application launched
Oct 22 11:30:22 User decided to DELETE entries from database
Oct 22 11:30:28 User decided to search by name
Oct 22 11:31:35 User prompted to continue deleting
Oct 22 11:31:35 User decided to go back to home page
Oct 22 11:31:40 Application launched
Oct 22 11:31:40 User decided to DELETE entries from database
Oct 22 11:34:37 Application launched
Oct 22 11:34:37 User decided to VIEW entire database
Oct 22 11:35:03 User decided to exit application
Oct 22 11:35:43 Application launched
Oct 22 11:35:43 User decided to VIEW entire database
Oct 22 11:35:53 User decided to exit application
Oct 22 11:36:10 Application launched
Oct 22 11:36:10 User chose to ADD entry to database
Oct 22 11:36:16 Name added to database
Oct 22 11:36:29 Mail added to database
Oct 22 11:36:35 Telephone number added to database
Oct 22 11:36:41 Country code added to database
Oct 22 11:36:46 Invalid Mobile number format entered.Prompted to enter again
Oct 22 11:36:49 Mobile number added to database
Oct 22 11:36:57 Place added to database
Oct 22 11:37:00 Message added to database
Oct 22 11:37:02 Entry added to database ( number denoted : 8 )
Oct 22 11:37:07 User prompted to continue with add
Oct 22 11:37:07 User decided to go back to home page
Oct 22 11:37:11 Application launched
Oct 22 11:37:11 User decided to EDIT entires in database
Oct 22 11:37:14 User decided to search by name
Oct 22 11:39:01 Entry number 4 edited in database
Oct 22 11:39:13 Entry number 7 edited in database
Oct 22 11:39:21 User prompted to continue editing
Oct 22 11:39:21 User decided to go back to home page
Oct 22 11:39:25 Application launched
Oct 22 11:39:25 User decided to VIEW entire database
Oct 22 11:39:47 User decided to exit application
Oct 22 11:40:03 Application launched
Oct 22 11:40:03 User decided to EXIT the application
Oct 22 11:42:02 Application launched
Oct 22 11:42:02 User decided to EDIT entires in database
Oct 22 11:42:06 User decided to search by name
Oct 22 11:42:39 Entry number 6 edited in database
Oct 22 11:42:56 User prompted to continue editing
Oct 22 11:42:56 User decided to go back to home page
Oct 22 11:43:04 Application launched
Oct 22 11:43:04 User decided to EXIT the application
Oct 22 11:44:45 Application launched
Oct 22 11:44:45 User decided to EDIT entires in database
Oct 22 11:44:55 User decided to search by name
Oct 22 11:46:27 Entry number 6 edited in database
Oct 22 11:46:37 User prompted to continue editing
Oct 22 11:46:37 User decided to go back to home page
Oct 22 11:46:45 Application launched
Oct 22 11:46:45 User decided to EXIT the application
Oct 22 11:47:31 Application launched
Oct 22 11:47:32 User decided to EDIT entires in database
Oct 22 11:47:37 User decided to search by name
Oct 22 11:47:53 Entry number 6 edited in database
Oct 22 11:47:58 User prompted to continue editing
Oct 22 11:47:58 User decided to go back to home page
Oct 22 11:48:10 Application launched
Oct 22 11:48:12 Session  timed-out
Oct 22 11:48:16 User decided to exit the application
Nov 16 11:15:36 Application launched
Nov 16 11:15:36 User chose to ADD entry to database
Nov 16 11:15:44 Name added to database
Nov 16 11:15:56 Mail added to database
Nov 16 11:16:00 Invalid Telephone number format entered.Prompted to enter again
Nov 16 11:16:08 Invalid Telephone number format entered.Prompted to enter again
Nov 16 11:16:11 Telephone number added to database
Nov 16 11:16:14 Country code added to database
Nov 16 11:16:17 Mobile number added to database
Nov 16 11:16:24 Place added to database
Nov 16 11:16:44 Message added to database
Nov 16 11:16:46 Entry added to database
Nov 16 11:16:49 User decided to re-execute application
Nov 16 11:16:52 Application launched
Nov 16 11:16:52 User decided to search for entries in database
Nov 16 11:16:56 User decided to search by mobile number
User prompted to continue with search
Nov 16 11:17:13 User decided to go back to home page
Nov 16 11:17:16 Application launched
Nov 16 11:17:16 User decided to exit the application
Nov 16 13:38:23 Application launched
Nov 16 13:38:23 User chose to ADD entry to database
Nov 16 13:38:27 Name added to database
Nov 16 13:38:38 Mail added to database
Nov 16 13:38:44 Telephone number added to database
Nov 16 13:38:47 Country code added to database
Nov 16 13:38:51 Mobile number added to database
Nov 16 13:38:55 Place added to database
Nov 16 13:38:57 Message added to database
Nov 16 13:38:59 Entry added to database
Nov 16 13:39:01 User decided to re-execute application
Nov 16 13:39:08 Application launched
Nov 16 13:39:10 User decided to exit application
Feb 15 02:45:05 Application launched
Feb 15 02:45:07 Session  timed-out
Feb 15 02:45:31 User decided to exit the application
Feb 15 02:45:39 Application launched
Feb 15 02:45:39 User chose to ADD entry to database
Feb 15 02:45:45 Name added to database
Feb 15 02:45:52 Mail added to database
Feb 15 02:45:59 Telephone number added to database
Feb 15 02:46:02 Country code added to database
Feb 15 02:46:08 Mobile number added to database
Feb 15 02:46:16 Place added to database
Feb 15 02:46:19 Message added to database
Feb 15 02:46:21 Entry added to database
Feb 15 02:46:24 User decided to re-execute application
Feb 15 02:46:29 Application launched
Feb 15 02:46:29 User decided to search for entries in database
Feb 15 02:46:34 User decided to search by mobile number
User prompted to continue with search
Feb 15 02:46:50 User decided to go back to home page
Feb 15 02:47:01 Application launched
Feb 15 02:47:03 Session  timed-out
Feb 15 02:47:05 User decided to exit the application
